2018-03-28 11:51:53.009  INFO 658 --- [main] com.tantan.l2.Application                : Starting Application on bogon with PID 658 (/Users/liyan/Desktop/ds/tantan/java-l2-service/l2-mt-master/build/classes/java/main started by liyan in /Users/liyan/Desktop/ds/tantan/java-l2-service/l2-mt-master)
2018-03-28 11:51:53.057  INFO 658 --- [main] com.tantan.l2.Application                : No active profile set, falling back to default profiles: default
2018-03-28 11:51:53.469  INFO 658 --- [main] ConfigServletWebServerApplicationContext : Refreshing org.springframework.boot.web.servlet.context.AnnotationConfigServletWebServerApplicationContext@3e3047e6: startup date [Wed Mar 28 11:51:53 CST 2018]; root of context hierarchy
2018-03-28 11:51:58.345  INFO 658 --- [main] o.s.b.w.embedded.tomcat.TomcatWebServer  : Tomcat initialized with port(s): 8004 (http)
2018-03-28 11:51:58.481  INFO 658 --- [main] o.apache.catalina.core.StandardService   : Starting service [Tomcat]
2018-03-28 11:51:58.481  INFO 658 --- [main] org.apache.catalina.core.StandardEngine  : Starting Servlet Engine: Apache Tomcat/8.5.28
2018-03-28 11:51:58.530  INFO 658 --- [localhost-startStop-1] o.a.catalina.core.AprLifecycleListener   : The APR based Apache Tomcat Native library which allows optimal performance in production environments was not found on the java.library.path: [/Users/liyan/Library/Java/Extensions:/Library/Java/Extensions:/Network/Library/Java/Extensions:/System/Library/Java/Extensions:/usr/lib/java:.]
2018-03-28 11:51:58.790  INFO 658 --- [localhost-startStop-1] o.a.c.c.C.[Tomcat].[localhost].[/]       : Initializing Spring embedded WebApplicationContext
2018-03-28 11:51:58.790  INFO 658 --- [localhost-startStop-1] o.s.web.context.ContextLoader            : Root WebApplicationContext: initialization completed in 5321 ms
2018-03-28 11:51:58.999  INFO 658 --- [localhost-startStop-1] o.s.b.w.servlet.ServletRegistrationBean  : Servlet dispatcherServlet mapped to [/]
2018-03-28 11:51:59.013  INFO 658 --- [localhost-startStop-1] o.s.b.w.servlet.FilterRegistrationBean   : Mapping filter: 'characterEncodingFilter' to: [/*]
2018-03-28 11:51:59.013  INFO 658 --- [localhost-startStop-1] o.s.b.w.servlet.FilterRegistrationBean   : Mapping filter: 'hiddenHttpMethodFilter' to: [/*]
2018-03-28 11:51:59.013  INFO 658 --- [localhost-startStop-1] o.s.b.w.servlet.FilterRegistrationBean   : Mapping filter: 'httpPutFormContentFilter' to: [/*]
2018-03-28 11:51:59.014  INFO 658 --- [localhost-startStop-1] o.s.b.w.servlet.FilterRegistrationBean   : Mapping filter: 'requestContextFilter' to: [/*]
2018-03-28 11:51:59.512  INFO 658 --- [main] s.w.s.m.m.a.RequestMappingHandlerAdapter : Looking for @ControllerAdvice: org.springframework.boot.web.servlet.context.AnnotationConfigServletWebServerApplicationContext@3e3047e6: startup date [Wed Mar 28 11:51:53 CST 2018]; root of context hierarchy
2018-03-28 11:51:59.742  INFO 658 --- [main] s.w.s.m.m.a.RequestMappingHandlerMapping : Mapped "{[/users]}" onto public com.tantan.l2.models.Data com.tantan.l2.controllers.UsersController.greeting(java.lang.Long,java.lang.String,java.lang.String,java.lang.String,java.lang.String)
2018-03-28 11:51:59.748  INFO 658 --- [main] s.w.s.m.m.a.RequestMappingHandlerMapping : Mapped "{[/error]}" onto public org.springframework.http.ResponseEntity<java.util.Map<java.lang.String, java.lang.Object>> org.springframework.boot.autoconfigure.web.servlet.error.BasicErrorController.error(javax.servlet.http.HttpServletRequest)
2018-03-28 11:51:59.749  INFO 658 --- [main] s.w.s.m.m.a.RequestMappingHandlerMapping : Mapped "{[/error],produces=[text/html]}" onto public org.springframework.web.servlet.ModelAndView org.springframework.boot.autoconfigure.web.servlet.error.BasicErrorController.errorHtml(javax.servlet.http.HttpServletRequest,javax.servlet.http.HttpServletResponse)
2018-03-28 11:51:59.780  INFO 658 --- [main] o.s.w.s.handler.SimpleUrlHandlerMapping  : Mapped URL path [/webjars/**] onto handler of type [class org.springframework.web.servlet.resource.ResourceHttpRequestHandler]
2018-03-28 11:51:59.780  INFO 658 --- [main] o.s.w.s.handler.SimpleUrlHandlerMapping  : Mapped URL path [/**] onto handler of type [class org.springframework.web.servlet.resource.ResourceHttpRequestHandler]
2018-03-28 11:51:59.849  INFO 658 --- [main] o.s.w.s.handler.SimpleUrlHandlerMapping  : Mapped URL path [/**/favicon.ico] onto handler of type [class org.springframework.web.servlet.resource.ResourceHttpRequestHandler]
2018-03-28 11:52:00.079  INFO 658 --- [main] o.s.j.e.a.AnnotationMBeanExporter        : Registering beans for JMX exposure on startup
2018-03-28 11:52:00.168  INFO 658 --- [main] o.s.b.w.embedded.tomcat.TomcatWebServer  : Tomcat started on port(s): 8004 (http) with context path ''
2018-03-28 11:52:00.173  INFO 658 --- [main] com.tantan.l2.Application                : Started Application in 11.278 seconds (JVM running for 12.333)
2018-03-28 11:52:19.866  INFO 658 --- [Thread-3] ConfigServletWebServerApplicationContext : Closing org.springframework.boot.web.servlet.context.AnnotationConfigServletWebServerApplicationContext@3e3047e6: startup date [Wed Mar 28 11:51:53 CST 2018]; root of context hierarchy
2018-03-28 11:52:19.869  INFO 658 --- [Thread-3] o.s.j.e.a.AnnotationMBeanExporter        : Unregistering JMX-exposed beans on shutdown
2018-03-28 12:26:45.652  INFO 773 --- [main] com.tantan.l2.Application                : Starting Application on bogon with PID 773 (/Users/liyan/Desktop/ds/tantan/java-l2-service/l2-mt-master/build/classes/java/main started by liyan in /Users/liyan/Desktop/ds/tantan/java-l2-service/l2-mt-master)
2018-03-28 12:26:45.656  INFO 773 --- [main] com.tantan.l2.Application                : No active profile set, falling back to default profiles: default
2018-03-28 12:26:45.713  INFO 773 --- [main] ConfigServletWebServerApplicationContext : Refreshing org.springframework.boot.web.servlet.context.AnnotationConfigServletWebServerApplicationContext@6f3b5d16: startup date [Wed Mar 28 12:26:45 CST 2018]; root of context hierarchy
2018-03-28 12:26:46.968  INFO 773 --- [main] o.s.b.w.embedded.tomcat.TomcatWebServer  : Tomcat initialized with port(s): 8004 (http)
2018-03-28 12:26:47.005  INFO 773 --- [main] o.apache.catalina.core.StandardService   : Starting service [Tomcat]
2018-03-28 12:26:47.005  INFO 773 --- [main] org.apache.catalina.core.StandardEngine  : Starting Servlet Engine: Apache Tomcat/8.5.28
2018-03-28 12:26:47.017  INFO 773 --- [localhost-startStop-1] o.a.catalina.core.AprLifecycleListener   : The APR based Apache Tomcat Native library which allows optimal performance in production environments was not found on the java.library.path: [/Users/liyan/Library/Java/Extensions:/Library/Java/Extensions:/Network/Library/Java/Extensions:/System/Library/Java/Extensions:/usr/lib/java:.]
2018-03-28 12:26:47.118  INFO 773 --- [localhost-startStop-1] o.a.c.c.C.[Tomcat].[localhost].[/]       : Initializing Spring embedded WebApplicationContext
2018-03-28 12:26:47.118  INFO 773 --- [localhost-startStop-1] o.s.web.context.ContextLoader            : Root WebApplicationContext: initialization completed in 1405 ms
2018-03-28 12:26:47.272  INFO 773 --- [localhost-startStop-1] o.s.b.w.servlet.ServletRegistrationBean  : Servlet dispatcherServlet mapped to [/]
2018-03-28 12:26:47.277  INFO 773 --- [localhost-startStop-1] o.s.b.w.servlet.FilterRegistrationBean   : Mapping filter: 'characterEncodingFilter' to: [/*]
2018-03-28 12:26:47.277  INFO 773 --- [localhost-startStop-1] o.s.b.w.servlet.FilterRegistrationBean   : Mapping filter: 'hiddenHttpMethodFilter' to: [/*]
2018-03-28 12:26:47.277  INFO 773 --- [localhost-startStop-1] o.s.b.w.servlet.FilterRegistrationBean   : Mapping filter: 'httpPutFormContentFilter' to: [/*]
2018-03-28 12:26:47.277  INFO 773 --- [localhost-startStop-1] o.s.b.w.servlet.FilterRegistrationBean   : Mapping filter: 'requestContextFilter' to: [/*]
2018-03-28 12:26:47.631  INFO 773 --- [main] s.w.s.m.m.a.RequestMappingHandlerAdapter : Looking for @ControllerAdvice: org.springframework.boot.web.servlet.context.AnnotationConfigServletWebServerApplicationContext@6f3b5d16: startup date [Wed Mar 28 12:26:45 CST 2018]; root of context hierarchy
2018-03-28 12:26:47.714  INFO 773 --- [main] s.w.s.m.m.a.RequestMappingHandlerMapping : Mapped "{[/users]}" onto public com.tantan.l2.models.Resp com.tantan.l2.controllers.UsersController.greeting(java.lang.Long,java.lang.String,java.lang.String,java.lang.String,java.lang.String)
2018-03-28 12:26:47.723  INFO 773 --- [main] s.w.s.m.m.a.RequestMappingHandlerMapping : Mapped "{[/error]}" onto public org.springframework.http.ResponseEntity<java.util.Map<java.lang.String, java.lang.Object>> org.springframework.boot.autoconfigure.web.servlet.error.BasicErrorController.error(javax.servlet.http.HttpServletRequest)
2018-03-28 12:26:47.724  INFO 773 --- [main] s.w.s.m.m.a.RequestMappingHandlerMapping : Mapped "{[/error],produces=[text/html]}" onto public org.springframework.web.servlet.ModelAndView org.springframework.boot.autoconfigure.web.servlet.error.BasicErrorController.errorHtml(javax.servlet.http.HttpServletRequest,javax.servlet.http.HttpServletResponse)
2018-03-28 12:26:47.760  INFO 773 --- [main] o.s.w.s.handler.SimpleUrlHandlerMapping  : Mapped URL path [/webjars/**] onto handler of type [class org.springframework.web.servlet.resource.ResourceHttpRequestHandler]
2018-03-28 12:26:47.760  INFO 773 --- [main] o.s.w.s.handler.SimpleUrlHandlerMapping  : Mapped URL path [/**] onto handler of type [class org.springframework.web.servlet.resource.ResourceHttpRequestHandler]
2018-03-28 12:26:47.800  INFO 773 --- [main] o.s.w.s.handler.SimpleUrlHandlerMapping  : Mapped URL path [/**/favicon.ico] onto handler of type [class org.springframework.web.servlet.resource.ResourceHttpRequestHandler]
2018-03-28 12:26:47.986  INFO 773 --- [main] o.s.j.e.a.AnnotationMBeanExporter        : Registering beans for JMX exposure on startup
2018-03-28 12:26:48.035  INFO 773 --- [main] o.s.b.w.embedded.tomcat.TomcatWebServer  : Tomcat started on port(s): 8004 (http) with context path ''
2018-03-28 12:26:48.039  INFO 773 --- [main] com.tantan.l2.Application                : Started Application in 2.767 seconds (JVM running for 3.162)
2018-03-28 12:27:26.980  INFO 773 --- [Thread-3] ConfigServletWebServerApplicationContext : Closing org.springframework.boot.web.servlet.context.AnnotationConfigServletWebServerApplicationContext@6f3b5d16: startup date [Wed Mar 28 12:26:45 CST 2018]; root of context hierarchy
2018-03-28 12:27:26.982  INFO 773 --- [Thread-3] o.s.j.e.a.AnnotationMBeanExporter        : Unregistering JMX-exposed beans on shutdown
2018-03-28 12:50:33.712  INFO 831 --- [main] com.tantan.l2.Application                : Starting Application on bogon with PID 831 (/Users/liyan/Desktop/ds/tantan/java-l2-service/l2-mt-master/build/classes/java/main started by liyan in /Users/liyan/Desktop/ds/tantan/java-l2-service/l2-mt-master)
2018-03-28 12:50:33.716  INFO 831 --- [main] com.tantan.l2.Application                : No active profile set, falling back to default profiles: default
2018-03-28 12:50:33.770  INFO 831 --- [main] ConfigServletWebServerApplicationContext : Refreshing org.springframework.boot.web.servlet.context.AnnotationConfigServletWebServerApplicationContext@6156496: startup date [Wed Mar 28 12:50:33 CST 2018]; root of context hierarchy
2018-03-28 12:50:34.935  INFO 831 --- [main] o.s.b.w.embedded.tomcat.TomcatWebServer  : Tomcat initialized with port(s): 8004 (http)
2018-03-28 12:50:34.970  INFO 831 --- [main] o.apache.catalina.core.StandardService   : Starting service [Tomcat]
2018-03-28 12:50:34.971  INFO 831 --- [main] org.apache.catalina.core.StandardEngine  : Starting Servlet Engine: Apache Tomcat/8.5.28
2018-03-28 12:50:34.986  INFO 831 --- [localhost-startStop-1] o.a.catalina.core.AprLifecycleListener   : The APR based Apache Tomcat Native library which allows optimal performance in production environments was not found on the java.library.path: [/Users/liyan/Library/Java/Extensions:/Library/Java/Extensions:/Network/Library/Java/Extensions:/System/Library/Java/Extensions:/usr/lib/java:.]
2018-03-28 12:50:35.103  INFO 831 --- [localhost-startStop-1] o.a.c.c.C.[Tomcat].[localhost].[/]       : Initializing Spring embedded WebApplicationContext
2018-03-28 12:50:35.103  INFO 831 --- [localhost-startStop-1] o.s.web.context.ContextLoader            : Root WebApplicationContext: initialization completed in 1334 ms
2018-03-28 12:50:35.246  INFO 831 --- [localhost-startStop-1] o.s.b.w.servlet.ServletRegistrationBean  : Servlet dispatcherServlet mapped to [/]
2018-03-28 12:50:35.251  INFO 831 --- [localhost-startStop-1] o.s.b.w.servlet.FilterRegistrationBean   : Mapping filter: 'characterEncodingFilter' to: [/*]
2018-03-28 12:50:35.251  INFO 831 --- [localhost-startStop-1] o.s.b.w.servlet.FilterRegistrationBean   : Mapping filter: 'hiddenHttpMethodFilter' to: [/*]
2018-03-28 12:50:35.251  INFO 831 --- [localhost-startStop-1] o.s.b.w.servlet.FilterRegistrationBean   : Mapping filter: 'httpPutFormContentFilter' to: [/*]
2018-03-28 12:50:35.252  INFO 831 --- [localhost-startStop-1] o.s.b.w.servlet.FilterRegistrationBean   : Mapping filter: 'requestContextFilter' to: [/*]
2018-03-28 12:50:35.645  INFO 831 --- [main] s.w.s.m.m.a.RequestMappingHandlerAdapter : Looking for @ControllerAdvice: org.springframework.boot.web.servlet.context.AnnotationConfigServletWebServerApplicationContext@6156496: startup date [Wed Mar 28 12:50:33 CST 2018]; root of context hierarchy
2018-03-28 12:50:35.721  INFO 831 --- [main] s.w.s.m.m.a.RequestMappingHandlerMapping : Mapped "{[/users]}" onto public com.tantan.l2.models.Resp com.tantan.l2.controllers.UsersController.greeting(java.lang.Long,java.lang.String,java.lang.String,java.lang.String,java.lang.String)
2018-03-28 12:50:35.729  INFO 831 --- [main] s.w.s.m.m.a.RequestMappingHandlerMapping : Mapped "{[/error]}" onto public org.springframework.http.ResponseEntity<java.util.Map<java.lang.String, java.lang.Object>> org.springframework.boot.autoconfigure.web.servlet.error.BasicErrorController.error(javax.servlet.http.HttpServletRequest)
2018-03-28 12:50:35.731  INFO 831 --- [main] s.w.s.m.m.a.RequestMappingHandlerMapping : Mapped "{[/error],produces=[text/html]}" onto public org.springframework.web.servlet.ModelAndView org.springframework.boot.autoconfigure.web.servlet.error.BasicErrorController.errorHtml(javax.servlet.http.HttpServletRequest,javax.servlet.http.HttpServletResponse)
2018-03-28 12:50:35.773  INFO 831 --- [main] o.s.w.s.handler.SimpleUrlHandlerMapping  : Mapped URL path [/webjars/**] onto handler of type [class org.springframework.web.servlet.resource.ResourceHttpRequestHandler]
2018-03-28 12:50:35.773  INFO 831 --- [main] o.s.w.s.handler.SimpleUrlHandlerMapping  : Mapped URL path [/**] onto handler of type [class org.springframework.web.servlet.resource.ResourceHttpRequestHandler]
2018-03-28 12:50:35.809  INFO 831 --- [main] o.s.w.s.handler.SimpleUrlHandlerMapping  : Mapped URL path [/**/favicon.ico] onto handler of type [class org.springframework.web.servlet.resource.ResourceHttpRequestHandler]
2018-03-28 12:50:35.980  INFO 831 --- [main] o.s.j.e.a.AnnotationMBeanExporter        : Registering beans for JMX exposure on startup
2018-03-28 12:50:36.029  INFO 831 --- [main] o.s.b.w.embedded.tomcat.TomcatWebServer  : Tomcat started on port(s): 8004 (http) with context path ''
2018-03-28 12:50:36.033  INFO 831 --- [main] com.tantan.l2.Application                : Started Application in 2.69 seconds (JVM running for 3.08)
2018-03-28 12:50:48.052  INFO 831 --- [Thread-3] ConfigServletWebServerApplicationContext : Closing org.springframework.boot.web.servlet.context.AnnotationConfigServletWebServerApplicationContext@6156496: startup date [Wed Mar 28 12:50:33 CST 2018]; root of context hierarchy
2018-03-28 12:50:48.055  INFO 831 --- [Thread-3] o.s.j.e.a.AnnotationMBeanExporter        : Unregistering JMX-exposed beans on shutdown
2018-03-28 15:39:54.951  INFO 1189 --- [main] com.tantan.l2.Application                : Starting Application on bogon with PID 1189 (/Users/liyan/Desktop/ds/tantan/java-l2-service/l2-mt-master/build/classes/java/main started by liyan in /Users/liyan/Desktop/ds/tantan/java-l2-service/l2-mt-master)
2018-03-28 15:39:54.956  INFO 1189 --- [main] com.tantan.l2.Application                : No active profile set, falling back to default profiles: default
2018-03-28 15:39:55.011  INFO 1189 --- [main] ConfigServletWebServerApplicationContext : Refreshing org.springframework.boot.web.servlet.context.AnnotationConfigServletWebServerApplicationContext@6f3b5d16: startup date [Wed Mar 28 15:39:55 CST 2018]; root of context hierarchy
2018-03-28 15:39:56.214  INFO 1189 --- [main] o.s.b.w.embedded.tomcat.TomcatWebServer  : Tomcat initialized with port(s): 8004 (http)
2018-03-28 15:39:56.245  INFO 1189 --- [main] o.apache.catalina.core.StandardService   : Starting service [Tomcat]
2018-03-28 15:39:56.246  INFO 1189 --- [main] org.apache.catalina.core.StandardEngine  : Starting Servlet Engine: Apache Tomcat/8.5.28
2018-03-28 15:39:56.257  INFO 1189 --- [localhost-startStop-1] o.a.catalina.core.AprLifecycleListener   : The APR based Apache Tomcat Native library which allows optimal performance in production environments was not found on the java.library.path: [/Users/liyan/Library/Java/Extensions:/Library/Java/Extensions:/Network/Library/Java/Extensions:/System/Library/Java/Extensions:/usr/lib/java:.]
2018-03-28 15:39:56.352  INFO 1189 --- [localhost-startStop-1] o.a.c.c.C.[Tomcat].[localhost].[/]       : Initializing Spring embedded WebApplicationContext
2018-03-28 15:39:56.352  INFO 1189 --- [localhost-startStop-1] o.s.web.context.ContextLoader            : Root WebApplicationContext: initialization completed in 1341 ms
2018-03-28 15:39:56.482  INFO 1189 --- [localhost-startStop-1] o.s.b.w.servlet.ServletRegistrationBean  : Servlet dispatcherServlet mapped to [/]
2018-03-28 15:39:56.487  INFO 1189 --- [localhost-startStop-1] o.s.b.w.servlet.FilterRegistrationBean   : Mapping filter: 'characterEncodingFilter' to: [/*]
2018-03-28 15:39:56.487  INFO 1189 --- [localhost-startStop-1] o.s.b.w.servlet.FilterRegistrationBean   : Mapping filter: 'hiddenHttpMethodFilter' to: [/*]
2018-03-28 15:39:56.487  INFO 1189 --- [localhost-startStop-1] o.s.b.w.servlet.FilterRegistrationBean   : Mapping filter: 'httpPutFormContentFilter' to: [/*]
2018-03-28 15:39:56.487  INFO 1189 --- [localhost-startStop-1] o.s.b.w.servlet.FilterRegistrationBean   : Mapping filter: 'requestContextFilter' to: [/*]
2018-03-28 15:39:56.816  INFO 1189 --- [main] s.w.s.m.m.a.RequestMappingHandlerAdapter : Looking for @ControllerAdvice: org.springframework.boot.web.servlet.context.AnnotationConfigServletWebServerApplicationContext@6f3b5d16: startup date [Wed Mar 28 15:39:55 CST 2018]; root of context hierarchy
2018-03-28 15:39:56.900  INFO 1189 --- [main] s.w.s.m.m.a.RequestMappingHandlerMapping : Mapped "{[/users]}" onto public com.tantan.l2.models.Resp com.tantan.l2.controllers.UsersController.greeting(java.lang.Long,java.lang.String,java.lang.String,java.lang.String,java.lang.String)
2018-03-28 15:39:56.909  INFO 1189 --- [main] s.w.s.m.m.a.RequestMappingHandlerMapping : Mapped "{[/error]}" onto public org.springframework.http.ResponseEntity<java.util.Map<java.lang.String, java.lang.Object>> org.springframework.boot.autoconfigure.web.servlet.error.BasicErrorController.error(javax.servlet.http.HttpServletRequest)
2018-03-28 15:39:56.910  INFO 1189 --- [main] s.w.s.m.m.a.RequestMappingHandlerMapping : Mapped "{[/error],produces=[text/html]}" onto public org.springframework.web.servlet.ModelAndView org.springframework.boot.autoconfigure.web.servlet.error.BasicErrorController.errorHtml(javax.servlet.http.HttpServletRequest,javax.servlet.http.HttpServletResponse)
2018-03-28 15:39:56.943  INFO 1189 --- [main] o.s.w.s.handler.SimpleUrlHandlerMapping  : Mapped URL path [/webjars/**] onto handler of type [class org.springframework.web.servlet.resource.ResourceHttpRequestHandler]
2018-03-28 15:39:56.944  INFO 1189 --- [main] o.s.w.s.handler.SimpleUrlHandlerMapping  : Mapped URL path [/**] onto handler of type [class org.springframework.web.servlet.resource.ResourceHttpRequestHandler]
2018-03-28 15:39:56.991  INFO 1189 --- [main] o.s.w.s.handler.SimpleUrlHandlerMapping  : Mapped URL path [/**/favicon.ico] onto handler of type [class org.springframework.web.servlet.resource.ResourceHttpRequestHandler]
2018-03-28 15:39:57.155  INFO 1189 --- [main] o.s.j.e.a.AnnotationMBeanExporter        : Registering beans for JMX exposure on startup
2018-03-28 15:39:57.203  INFO 1189 --- [main] o.s.b.w.embedded.tomcat.TomcatWebServer  : Tomcat started on port(s): 8004 (http) with context path ''
2018-03-28 15:39:57.207  INFO 1189 --- [main] com.tantan.l2.Application                : Started Application in 2.619 seconds (JVM running for 3.005)
2018-03-28 15:40:09.989  INFO 1189 --- [Thread-3] ConfigServletWebServerApplicationContext : Closing org.springframework.boot.web.servlet.context.AnnotationConfigServletWebServerApplicationContext@6f3b5d16: startup date [Wed Mar 28 15:39:55 CST 2018]; root of context hierarchy
2018-03-28 15:40:09.992  INFO 1189 --- [Thread-3] o.s.j.e.a.AnnotationMBeanExporter        : Unregistering JMX-exposed beans on shutdown
